:job_id:01000000
/opt/kairan/envs/rlinf/lib/python3.10/site-packages/torch/cuda/__init__.py:174: UserWarning: CUDA initialization: Unexpected error from cudaGetDeviceCount(). Did you run some cuda functions before calling NumCudaDevices() that might have already set an error? Error 802: system not yet initialized (Triggered internally at /pytorch/c10/cuda/CUDAFunctions.cpp:109.)
  return torch._C._cuda_getDeviceCount() > 0
/opt/kairan/envs/rlinf/lib/python3.10/site-packages/torch/cuda/__init__.py:174: UserWarning: CUDA initialization: Unexpected error from cudaGetDeviceCount(). Did you run some cuda functions before calling NumCudaDevices() that might have already set an error? Error 802: system not yet initialized (Triggered internally at /pytorch/c10/cuda/CUDAFunctions.cpp:109.)
  return torch._C._cuda_getDeviceCount() > 0
:actor_name:FSDPVlaSftWorker
Exception raised in creation task: The actor died because of an error raised in its creation task, [36mray::ActorGroup:3:FSDPVlaSftWorker.__init__()[39m (pid=31752, ip=172.16.240.14, actor_id=3e777ddac36577802223ca0f01000000, repr=ActorGroup(rank=3))
  File "/opt/yingxi/RLinf_RoboFAPE/rlinf/scheduler/worker/worker.py", line 74, in sync_func
    return func(*args, **kwargs)
  File "/opt/yingxi/RLinf_RoboFAPE/rlinf/workers/sft/fsdp_vla_sft_worker.py", line 31, in __init__
    super().__init__(cfg)
  File "/opt/yingxi/RLinf_RoboFAPE/rlinf/scheduler/worker/worker.py", line 74, in sync_func
    return func(*args, **kwargs)
  File "/opt/yingxi/RLinf_RoboFAPE/rlinf/workers/sft/fsdp_sft_worker.py", line 38, in __init__
    super().__init__(cfg.actor, self._world_size, self._rank)
  File "/opt/yingxi/RLinf_RoboFAPE/rlinf/hybrid_engines/fsdp/fsdp_model_manager.py", line 90, in __init__
    self._device_mesh = create_device_mesh(world_size)
  File "/opt/yingxi/RLinf_RoboFAPE/rlinf/hybrid_engines/fsdp/utils.py", line 65, in create_device_mesh
    return init_device_mesh(
  File "/opt/kairan/envs/rlinf/lib/python3.10/site-packages/torch/distributed/device_mesh.py", line 1044, in init_device_mesh
    device_mesh = DeviceMesh(
  File "/opt/kairan/envs/rlinf/lib/python3.10/site-packages/torch/distributed/device_mesh.py", line 456, in __init__
    self._get_or_create_default_group()
  File "/opt/kairan/envs/rlinf/lib/python3.10/site-packages/torch/distributed/device_mesh.py", line 494, in _get_or_create_default_group
    device_handle.set_device(get_rank() % num_devices_per_host)
  File "/opt/kairan/envs/rlinf/lib/python3.10/site-packages/torch/cuda/__init__.py", line 529, in set_device
    torch._C._cuda_setDevice(device)
  File "/opt/kairan/envs/rlinf/lib/python3.10/site-packages/torch/cuda/__init__.py", line 372, in _lazy_init
    torch._C._cuda_init()
RuntimeError: Unexpected error from cudaGetDeviceCount(). Did you run some cuda functions before calling NumCudaDevices() that might have already set an error? Error 802: system not yet initialized
